<?xml version="1.0" encoding="UTF-8"?>
<!-- Generated by org.testng.reporters.JUnitReportReporter -->
<testsuite hostname="sanjjj" failures="0" tests="1" name="TraditionalWay.ViewExchangeRate" time="59.778" errors="0" timestamp="2024-08-13T23:51:56 IST" skipped="0">
  <testcase classname="TraditionalWay.ViewExchangeRate" name="getExchangeRates" time="59.778"/>
  <system-out/>
</testsuite> <!-- TraditionalWay.ViewExchangeRate -->
