<?xml version="1.0" encoding="UTF-8"?>
<!-- Generated by org.testng.reporters.JUnitReportReporter -->
<testsuite hostname="sanjjj" failures="0" tests="1" name="TraditionalWay.ViewExchangeRate" time="41.298" errors="0" timestamp="2024-07-21T19:14:19 IST" skipped="0">
  <testcase classname="TraditionalWay.ViewExchangeRate" name="testLogin" time="41.298"/>
  <system-out/>
</testsuite> <!-- TraditionalWay.ViewExchangeRate -->
