<?xml version="1.0" encoding="UTF-8"?>
<!-- Generated by org.testng.reporters.JUnitReportReporter -->
<testsuite skipped="0" hostname="LAPTOP-FTC1OO7G" name="TraditionalWay.TestGuru99SiteTW" tests="1" failures="0" timestamp="20 Jul 2024 08:46:02 GMT" time="15.065" errors="0">
  <testcase name="testLogin" time="15.065" classname="TraditionalWay.TestGuru99SiteTW"/>
</testsuite> <!-- TraditionalWay.TestGuru99SiteTW -->
