<?xml version="1.0" encoding="UTF-8"?>
<!-- Generated by org.testng.reporters.JUnitReportReporter -->
<testsuite hostname="sanjjj" failures="0" tests="1" name="TraditionalWay.ViewExchangeRate" time="58.637" errors="0" timestamp="2024-08-13T23:35:11 IST" skipped="0">
  <testcase classname="TraditionalWay.ViewExchangeRate" name="testLogin" time="58.637"/>
  <system-out/>
</testsuite> <!-- TraditionalWay.ViewExchangeRate -->
